INFO: [VRFC 10-163] Analyzing VHDL file "/home/udit01/Desktop/215/lab5_gcd/lab5_gcd/lab5_gcd.srcs/sources_1/imports/1SEPT/lab4_seven_segment_display.vhd" into library xil_defaultlib
INFO: [VRFC 10-307] analyzing entity INV4_HXILINX_lab4_seven_segment_display
INFO: [VRFC 10-307] analyzing entity OR6_HXILINX_lab4_seven_segment_display
INFO: [VRFC 10-307] analyzing entity CB16CE_HXILINX_lab4_seven_segment_display
INFO: [VRFC 10-307] analyzing entity D2_4E_HXILINX_lab4_seven_segment_display
INFO: [VRFC 10-307] analyzing entity M2_1_HXILINX_lab4_seven_segment_display
INFO: [VRFC 10-307] analyzing entity CB2CE_HXILINX_lab4_seven_segment_display
INFO: [VRFC 10-307] analyzing entity Gcathode_MUSER_lab4_seven_segment_display
INFO: [VRFC 10-307] analyzing entity Fcathode_MUSER_lab4_seven_segment_display
INFO: [VRFC 10-307] analyzing entity Ecathode_MUSER_lab4_seven_segment_display
INFO: [VRFC 10-307] analyzing entity Dcathode_MUSER_lab4_seven_segment_display
INFO: [VRFC 10-307] analyzing entity Ccathode_MUSER_lab4_seven_segment_display
INFO: [VRFC 10-307] analyzing entity Bcathode_MUSER_lab4_seven_segment_display
INFO: [VRFC 10-307] analyzing entity Acathode_MUSER_lab4_seven_segment_display
INFO: [VRFC 10-307] analyzing entity binary_to_7_segment_display_MUSER_lab4_seven_segment_display
INFO: [VRFC 10-307] analyzing entity msb_of_counter_MUSER_lab4_seven_segment_display
INFO: [VRFC 10-307] analyzing entity bit4_to_bus_MUSER_lab4_seven_segment_display
INFO: [VRFC 10-307] analyzing entity Multiplexer_16to4_MUSER_lab4_seven_segment_display
INFO: [VRFC 10-307] analyzing entity lab4_seven_segment_display
INFO: [VRFC 10-163] Analyzing VHDL file "/home/udit01/Desktop/215/lab5_gcd/lab5_gcd/lab5_gcd.srcs/sources_1/new/lab5_gcd.vhd" into library xil_defaultlib
INFO: [VRFC 10-307] analyzing entity counter32bit
INFO: [VRFC 10-307] analyzing entity lab5_gcd
INFO: [VRFC 10-163] Analyzing VHDL file "/home/udit01/Desktop/215/lab5_gcd/lab5_gcd/lab5_gcd.srcs/sim_1/imports/Downloads/lab5_gcd_tb.vhd" into library xil_defaultlib
INFO: [VRFC 10-307] analyzing entity lab5_gcd_tb
